{"C:\\Users\\Francisco\\Desktop\\Programación\\TP_INTEGRADOR\\Backend\\app.js": {"path":"C:\\Users\\Francisco\\Desktop\\Programación\\TP_INTEGRADOR\\Backend\\app.js","statementMap":{"0":{"start":{"line":4,"column":12},"end":{"line":4,"column":21}},"1":{"start":{"line":5,"column":0},"end":{"line":5,"column":16}},"2":{"start":{"line":14,"column":0},"end":{"line":14,"column":24}},"3":{"start":{"line":15,"column":0},"end":{"line":15,"column":45}},"4":{"start":{"line":19,"column":0},"end":{"line":19,"column":29}},"5":{"start":{"line":20,"column":0},"end":{"line":20,"column":36}},"6":{"start":{"line":21,"column":0},"end":{"line":21,"column":37}},"7":{"start":{"line":22,"column":0},"end":{"line":22,"column":35}},"8":{"start":{"line":23,"column":0},"end":{"line":23,"column":38}},"9":{"start":{"line":24,"column":0},"end":{"line":24,"column":37}},"10":{"start":{"line":26,"column":0},"end":{"line":28,"column":3}},"11":{"start":{"line":27,"column":4},"end":{"line":27,"column":50}}},"fnMap":{"0":{"name":"(anonymous_0)","decl":{"start":{"line":26,"column":8},"end":{"line":26,"column":9}},"loc":{"start":{"line":26,"column":22},"end":{"line":28,"column":1}},"line":26}},"branchMap":{},"s":{"0":3,"1":3,"2":3,"3":3,"4":3,"5":3,"6":3,"7":3,"8":3,"9":3,"10":3,"11":0},"f":{"0":0},"b":{},"_coverageSchema":"1a1c01bbd47fc00a2c39e90264f33305004495a9","hash":"5cab7495312edf9593852e2f68eae88938d021f0"}
,"C:\\Users\\Francisco\\Desktop\\Programación\\TP_INTEGRADOR\\Backend\\src\\config\\config.js": {"path":"C:\\Users\\Francisco\\Desktop\\Programación\\TP_INTEGRADOR\\Backend\\src\\config\\config.js","statementMap":{},"fnMap":{},"branchMap":{},"s":{},"f":{},"b":{},"_coverageSchema":"1a1c01bbd47fc00a2c39e90264f33305004495a9","hash":"cf2d0bd998243ed704ce9f701c903e3f316775c7"}
,"C:\\Users\\Francisco\\Desktop\\Programación\\TP_INTEGRADOR\\Backend\\src\\config\\dbConection.js": {"path":"C:\\Users\\Francisco\\Desktop\\Programación\\TP_INTEGRADOR\\Backend\\src\\config\\dbConection.js","statementMap":{"0":{"start":{"line":4,"column":11},"end":{"line":4,"column":44}}},"fnMap":{},"branchMap":{},"s":{"0":4},"f":{},"b":{},"_coverageSchema":"1a1c01bbd47fc00a2c39e90264f33305004495a9","hash":"7c8007649f043c684735474d4ef2b540a03441be"}
,"C:\\Users\\Francisco\\Desktop\\Programación\\TP_INTEGRADOR\\Backend\\src\\controllers\\customerController.js": {"path":"C:\\Users\\Francisco\\Desktop\\Programación\\TP_INTEGRADOR\\Backend\\src\\controllers\\customerController.js","statementMap":{"0":{"start":{"line":4,"column":33},"end":{"line":11,"column":1}},"1":{"start":{"line":5,"column":4},"end":{"line":10,"column":5}},"2":{"start":{"line":6,"column":26},"end":{"line":6,"column":40}},"3":{"start":{"line":7,"column":8},"end":{"line":7,"column":40}},"4":{"start":{"line":9,"column":8},"end":{"line":9,"column":57}},"5":{"start":{"line":13,"column":28},"end":{"line":25,"column":1}},"6":{"start":{"line":14,"column":4},"end":{"line":24,"column":5}},"7":{"start":{"line":15,"column":28},"end":{"line":15,"column":41}},"8":{"start":{"line":16,"column":25},"end":{"line":16,"column":54}},"9":{"start":{"line":17,"column":8},"end":{"line":20,"column":9}},"10":{"start":{"line":18,"column":12},"end":{"line":18,"column":105}},"11":{"start":{"line":19,"column":12},"end":{"line":19,"column":19}},"12":{"start":{"line":21,"column":8},"end":{"line":21,"column":39}},"13":{"start":{"line":23,"column":8},"end":{"line":23,"column":57}},"14":{"start":{"line":27,"column":31},"end":{"line":40,"column":1}},"15":{"start":{"line":28,"column":4},"end":{"line":39,"column":5}},"16":{"start":{"line":29,"column":28},"end":{"line":29,"column":41}},"17":{"start":{"line":30,"column":23},"end":{"line":30,"column":51}},"18":{"start":{"line":32,"column":8},"end":{"line":35,"column":9}},"19":{"start":{"line":33,"column":12},"end":{"line":33,"column":101}},"20":{"start":{"line":34,"column":12},"end":{"line":34,"column":19}},"21":{"start":{"line":36,"column":8},"end":{"line":36,"column":101}},"22":{"start":{"line":38,"column":8},"end":{"line":38,"column":57}}},"fnMap":{"0":{"name":"(anonymous_0)","decl":{"start":{"line":4,"column":33},"end":{"line":4,"column":34}},"loc":{"start":{"line":4,"column":53},"end":{"line":11,"column":1}},"line":4},"1":{"name":"(anonymous_1)","decl":{"start":{"line":13,"column":28},"end":{"line":13,"column":29}},"loc":{"start":{"line":13,"column":48},"end":{"line":25,"column":1}},"line":13},"2":{"name":"(anonymous_2)","decl":{"start":{"line":27,"column":31},"end":{"line":27,"column":32}},"loc":{"start":{"line":27,"column":51},"end":{"line":40,"column":1}},"line":27}},"branchMap":{"0":{"loc":{"start":{"line":17,"column":8},"end":{"line":20,"column":9}},"type":"if","locations":[{"start":{"line":17,"column":8},"end":{"line":20,"column":9}},{"start":{},"end":{}}],"line":17},"1":{"loc":{"start":{"line":32,"column":8},"end":{"line":35,"column":9}},"type":"if","locations":[{"start":{"line":32,"column":8},"end":{"line":35,"column":9}},{"start":{},"end":{}}],"line":32}},"s":{"0":3,"1":0,"2":0,"3":0,"4":0,"5":3,"6":0,"7":0,"8":0,"9":0,"10":0,"11":0,"12":0,"13":0,"14":3,"15":0,"16":0,"17":0,"18":0,"19":0,"20":0,"21":0,"22":0},"f":{"0":0,"1":0,"2":0},"b":{"0":[0,0],"1":[0,0]},"_coverageSchema":"1a1c01bbd47fc00a2c39e90264f33305004495a9","hash":"b2ce4c88f86057f0ae83b86a718a25517df1d5bf"}
,"C:\\Users\\Francisco\\Desktop\\Programación\\TP_INTEGRADOR\\Backend\\src\\controllers\\professionalController.js": {"path":"C:\\Users\\Francisco\\Desktop\\Programación\\TP_INTEGRADOR\\Backend\\src\\controllers\\professionalController.js","statementMap":{"0":{"start":{"line":4,"column":37},"end":{"line":11,"column":1}},"1":{"start":{"line":5,"column":4},"end":{"line":10,"column":5}},"2":{"start":{"line":6,"column":30},"end":{"line":6,"column":44}},"3":{"start":{"line":7,"column":8},"end":{"line":7,"column":44}},"4":{"start":{"line":9,"column":8},"end":{"line":9,"column":57}},"5":{"start":{"line":13,"column":32},"end":{"line":28,"column":1}},"6":{"start":{"line":14,"column":4},"end":{"line":27,"column":5}},"7":{"start":{"line":15,"column":32},"end":{"line":15,"column":45}},"8":{"start":{"line":16,"column":33},"end":{"line":16,"column":46}},"9":{"start":{"line":17,"column":23},"end":{"line":17,"column":79}},"10":{"start":{"line":19,"column":8},"end":{"line":22,"column":9}},"11":{"start":{"line":20,"column":12},"end":{"line":20,"column":138}},"12":{"start":{"line":21,"column":12},"end":{"line":21,"column":19}},"13":{"start":{"line":24,"column":8},"end":{"line":24,"column":109}},"14":{"start":{"line":26,"column":8},"end":{"line":26,"column":57}},"15":{"start":{"line":30,"column":35},"end":{"line":44,"column":1}},"16":{"start":{"line":31,"column":4},"end":{"line":43,"column":5}},"17":{"start":{"line":32,"column":32},"end":{"line":32,"column":45}},"18":{"start":{"line":33,"column":23},"end":{"line":33,"column":55}},"19":{"start":{"line":35,"column":8},"end":{"line":38,"column":9}},"20":{"start":{"line":36,"column":12},"end":{"line":36,"column":109}},"21":{"start":{"line":37,"column":12},"end":{"line":37,"column":19}},"22":{"start":{"line":40,"column":8},"end":{"line":40,"column":109}},"23":{"start":{"line":42,"column":8},"end":{"line":42,"column":57}}},"fnMap":{"0":{"name":"(anonymous_0)","decl":{"start":{"line":4,"column":37},"end":{"line":4,"column":38}},"loc":{"start":{"line":4,"column":57},"end":{"line":11,"column":1}},"line":4},"1":{"name":"(anonymous_1)","decl":{"start":{"line":13,"column":32},"end":{"line":13,"column":33}},"loc":{"start":{"line":13,"column":52},"end":{"line":28,"column":1}},"line":13},"2":{"name":"(anonymous_2)","decl":{"start":{"line":30,"column":35},"end":{"line":30,"column":36}},"loc":{"start":{"line":30,"column":55},"end":{"line":44,"column":1}},"line":30}},"branchMap":{"0":{"loc":{"start":{"line":19,"column":8},"end":{"line":22,"column":9}},"type":"if","locations":[{"start":{"line":19,"column":8},"end":{"line":22,"column":9}},{"start":{},"end":{}}],"line":19},"1":{"loc":{"start":{"line":35,"column":8},"end":{"line":38,"column":9}},"type":"if","locations":[{"start":{"line":35,"column":8},"end":{"line":38,"column":9}},{"start":{},"end":{}}],"line":35}},"s":{"0":3,"1":0,"2":0,"3":0,"4":0,"5":3,"6":0,"7":0,"8":0,"9":0,"10":0,"11":0,"12":0,"13":0,"14":0,"15":3,"16":0,"17":0,"18":0,"19":0,"20":0,"21":0,"22":0,"23":0},"f":{"0":0,"1":0,"2":0},"b":{"0":[0,0],"1":[0,0]},"_coverageSchema":"1a1c01bbd47fc00a2c39e90264f33305004495a9","hash":"032498e306c6a2bbcc9bc0c56941a79b33ea50e2"}
,"C:\\Users\\Francisco\\Desktop\\Programación\\TP_INTEGRADOR\\Backend\\src\\controllers\\reservationController.js": {"path":"C:\\Users\\Francisco\\Desktop\\Programación\\TP_INTEGRADOR\\Backend\\src\\controllers\\reservationController.js","statementMap":{"0":{"start":{"line":4,"column":36},"end":{"line":11,"column":1}},"1":{"start":{"line":5,"column":4},"end":{"line":10,"column":5}},"2":{"start":{"line":6,"column":29},"end":{"line":6,"column":43}},"3":{"start":{"line":7,"column":8},"end":{"line":7,"column":43}},"4":{"start":{"line":9,"column":8},"end":{"line":9,"column":57}},"5":{"start":{"line":13,"column":37},"end":{"line":25,"column":1}},"6":{"start":{"line":14,"column":4},"end":{"line":24,"column":5}},"7":{"start":{"line":15,"column":31},"end":{"line":15,"column":44}},"8":{"start":{"line":16,"column":28},"end":{"line":16,"column":60}},"9":{"start":{"line":17,"column":8},"end":{"line":20,"column":9}},"10":{"start":{"line":18,"column":12},"end":{"line":18,"column":109}},"11":{"start":{"line":19,"column":12},"end":{"line":19,"column":19}},"12":{"start":{"line":21,"column":8},"end":{"line":21,"column":42}},"13":{"start":{"line":23,"column":8},"end":{"line":23,"column":57}},"14":{"start":{"line":27,"column":44},"end":{"line":39,"column":1}},"15":{"start":{"line":28,"column":4},"end":{"line":38,"column":5}},"16":{"start":{"line":29,"column":28},"end":{"line":29,"column":41}},"17":{"start":{"line":30,"column":28},"end":{"line":30,"column":60}},"18":{"start":{"line":31,"column":8},"end":{"line":34,"column":9}},"19":{"start":{"line":32,"column":12},"end":{"line":32,"column":93}},"20":{"start":{"line":33,"column":12},"end":{"line":33,"column":19}},"21":{"start":{"line":35,"column":8},"end":{"line":35,"column":42}},"22":{"start":{"line":37,"column":8},"end":{"line":37,"column":57}},"23":{"start":{"line":41,"column":48},"end":{"line":53,"column":1}},"24":{"start":{"line":42,"column":4},"end":{"line":52,"column":5}},"25":{"start":{"line":43,"column":27},"end":{"line":43,"column":40}},"26":{"start":{"line":44,"column":28},"end":{"line":44,"column":63}},"27":{"start":{"line":45,"column":8},"end":{"line":48,"column":9}},"28":{"start":{"line":46,"column":12},"end":{"line":46,"column":113}},"29":{"start":{"line":47,"column":12},"end":{"line":47,"column":19}},"30":{"start":{"line":49,"column":8},"end":{"line":49,"column":42}},"31":{"start":{"line":51,"column":8},"end":{"line":51,"column":57}},"32":{"start":{"line":55,"column":34},"end":{"line":67,"column":1}},"33":{"start":{"line":56,"column":4},"end":{"line":66,"column":5}},"34":{"start":{"line":57,"column":37},"end":{"line":57,"column":50}},"35":{"start":{"line":58,"column":23},"end":{"line":58,"column":60}},"36":{"start":{"line":59,"column":8},"end":{"line":62,"column":9}},"37":{"start":{"line":60,"column":12},"end":{"line":60,"column":102}},"38":{"start":{"line":61,"column":12},"end":{"line":61,"column":19}},"39":{"start":{"line":63,"column":8},"end":{"line":63,"column":86}},"40":{"start":{"line":65,"column":8},"end":{"line":65,"column":57}},"41":{"start":{"line":69,"column":34},"end":{"line":82,"column":1}},"42":{"start":{"line":70,"column":4},"end":{"line":81,"column":5}},"43":{"start":{"line":71,"column":31},"end":{"line":71,"column":44}},"44":{"start":{"line":72,"column":40},"end":{"line":72,"column":53}},"45":{"start":{"line":73,"column":23},"end":{"line":73,"column":79}},"46":{"start":{"line":74,"column":8},"end":{"line":77,"column":9}},"47":{"start":{"line":75,"column":12},"end":{"line":75,"column":116}},"48":{"start":{"line":76,"column":12},"end":{"line":76,"column":19}},"49":{"start":{"line":78,"column":8},"end":{"line":78,"column":90}},"50":{"start":{"line":80,"column":8},"end":{"line":80,"column":57}}},"fnMap":{"0":{"name":"(anonymous_0)","decl":{"start":{"line":4,"column":36},"end":{"line":4,"column":37}},"loc":{"start":{"line":4,"column":56},"end":{"line":11,"column":1}},"line":4},"1":{"name":"(anonymous_1)","decl":{"start":{"line":13,"column":37},"end":{"line":13,"column":38}},"loc":{"start":{"line":13,"column":57},"end":{"line":25,"column":1}},"line":13},"2":{"name":"(anonymous_2)","decl":{"start":{"line":27,"column":44},"end":{"line":27,"column":45}},"loc":{"start":{"line":27,"column":64},"end":{"line":39,"column":1}},"line":27},"3":{"name":"(anonymous_3)","decl":{"start":{"line":41,"column":48},"end":{"line":41,"column":49}},"loc":{"start":{"line":41,"column":68},"end":{"line":53,"column":1}},"line":41},"4":{"name":"(anonymous_4)","decl":{"start":{"line":55,"column":34},"end":{"line":55,"column":35}},"loc":{"start":{"line":55,"column":54},"end":{"line":67,"column":1}},"line":55},"5":{"name":"(anonymous_5)","decl":{"start":{"line":69,"column":34},"end":{"line":69,"column":35}},"loc":{"start":{"line":69,"column":54},"end":{"line":82,"column":1}},"line":69}},"branchMap":{"0":{"loc":{"start":{"line":17,"column":8},"end":{"line":20,"column":9}},"type":"if","locations":[{"start":{"line":17,"column":8},"end":{"line":20,"column":9}},{"start":{},"end":{}}],"line":17},"1":{"loc":{"start":{"line":31,"column":8},"end":{"line":34,"column":9}},"type":"if","locations":[{"start":{"line":31,"column":8},"end":{"line":34,"column":9}},{"start":{},"end":{}}],"line":31},"2":{"loc":{"start":{"line":45,"column":8},"end":{"line":48,"column":9}},"type":"if","locations":[{"start":{"line":45,"column":8},"end":{"line":48,"column":9}},{"start":{},"end":{}}],"line":45},"3":{"loc":{"start":{"line":59,"column":8},"end":{"line":62,"column":9}},"type":"if","locations":[{"start":{"line":59,"column":8},"end":{"line":62,"column":9}},{"start":{},"end":{}}],"line":59},"4":{"loc":{"start":{"line":74,"column":8},"end":{"line":77,"column":9}},"type":"if","locations":[{"start":{"line":74,"column":8},"end":{"line":77,"column":9}},{"start":{},"end":{}}],"line":74}},"s":{"0":3,"1":1,"2":1,"3":1,"4":0,"5":3,"6":1,"7":1,"8":1,"9":1,"10":0,"11":0,"12":1,"13":0,"14":3,"15":0,"16":0,"17":0,"18":0,"19":0,"20":0,"21":0,"22":0,"23":3,"24":0,"25":0,"26":0,"27":0,"28":0,"29":0,"30":0,"31":0,"32":3,"33":1,"34":1,"35":1,"36":1,"37":1,"38":1,"39":0,"40":0,"41":3,"42":1,"43":1,"44":1,"45":1,"46":1,"47":1,"48":1,"49":0,"50":0},"f":{"0":1,"1":1,"2":0,"3":0,"4":1,"5":1},"b":{"0":[0,1],"1":[0,0],"2":[0,0],"3":[1,0],"4":[1,0]},"_coverageSchema":"1a1c01bbd47fc00a2c39e90264f33305004495a9","hash":"44fee11c81c73bf2986c393eb8976a22d793a926"}
,"C:\\Users\\Francisco\\Desktop\\Programación\\TP_INTEGRADOR\\Backend\\src\\controllers\\scheduleController.js": {"path":"C:\\Users\\Francisco\\Desktop\\Programación\\TP_INTEGRADOR\\Backend\\src\\controllers\\scheduleController.js","statementMap":{"0":{"start":{"line":3,"column":33},"end":{"line":10,"column":1}},"1":{"start":{"line":4,"column":4},"end":{"line":9,"column":5}},"2":{"start":{"line":5,"column":26},"end":{"line":5,"column":40}},"3":{"start":{"line":6,"column":8},"end":{"line":6,"column":40}},"4":{"start":{"line":8,"column":8},"end":{"line":8,"column":57}},"5":{"start":{"line":12,"column":34},"end":{"line":24,"column":1}},"6":{"start":{"line":13,"column":4},"end":{"line":23,"column":5}},"7":{"start":{"line":14,"column":28},"end":{"line":14,"column":41}},"8":{"start":{"line":15,"column":25},"end":{"line":15,"column":54}},"9":{"start":{"line":16,"column":8},"end":{"line":19,"column":9}},"10":{"start":{"line":17,"column":12},"end":{"line":17,"column":105}},"11":{"start":{"line":18,"column":12},"end":{"line":18,"column":19}},"12":{"start":{"line":20,"column":8},"end":{"line":20,"column":39}},"13":{"start":{"line":22,"column":8},"end":{"line":22,"column":57}},"14":{"start":{"line":27,"column":36},"end":{"line":39,"column":1}},"15":{"start":{"line":28,"column":4},"end":{"line":38,"column":5}},"16":{"start":{"line":29,"column":20},"end":{"line":29,"column":34}},"17":{"start":{"line":30,"column":25},"end":{"line":30,"column":47}},"18":{"start":{"line":31,"column":8},"end":{"line":34,"column":9}},"19":{"start":{"line":32,"column":12},"end":{"line":32,"column":98}},"20":{"start":{"line":33,"column":12},"end":{"line":33,"column":19}},"21":{"start":{"line":35,"column":8},"end":{"line":35,"column":39}},"22":{"start":{"line":37,"column":8},"end":{"line":37,"column":57}}},"fnMap":{"0":{"name":"(anonymous_0)","decl":{"start":{"line":3,"column":33},"end":{"line":3,"column":34}},"loc":{"start":{"line":3,"column":53},"end":{"line":10,"column":1}},"line":3},"1":{"name":"(anonymous_1)","decl":{"start":{"line":12,"column":34},"end":{"line":12,"column":35}},"loc":{"start":{"line":12,"column":54},"end":{"line":24,"column":1}},"line":12},"2":{"name":"(anonymous_2)","decl":{"start":{"line":27,"column":36},"end":{"line":27,"column":37}},"loc":{"start":{"line":27,"column":56},"end":{"line":39,"column":1}},"line":27}},"branchMap":{"0":{"loc":{"start":{"line":16,"column":8},"end":{"line":19,"column":9}},"type":"if","locations":[{"start":{"line":16,"column":8},"end":{"line":19,"column":9}},{"start":{},"end":{}}],"line":16},"1":{"loc":{"start":{"line":31,"column":8},"end":{"line":34,"column":9}},"type":"if","locations":[{"start":{"line":31,"column":8},"end":{"line":34,"column":9}},{"start":{},"end":{}}],"line":31}},"s":{"0":3,"1":0,"2":0,"3":0,"4":0,"5":3,"6":0,"7":0,"8":0,"9":0,"10":0,"11":0,"12":0,"13":0,"14":3,"15":0,"16":0,"17":0,"18":0,"19":0,"20":0,"21":0,"22":0},"f":{"0":0,"1":0,"2":0},"b":{"0":[0,0],"1":[0,0]},"_coverageSchema":"1a1c01bbd47fc00a2c39e90264f33305004495a9","hash":"85050fd79e20506a216fa4bdf618f79d05c123b7"}
,"C:\\Users\\Francisco\\Desktop\\Programación\\TP_INTEGRADOR\\Backend\\src\\controllers\\serviceController.js": {"path":"C:\\Users\\Francisco\\Desktop\\Programación\\TP_INTEGRADOR\\Backend\\src\\controllers\\serviceController.js","statementMap":{"0":{"start":{"line":4,"column":32},"end":{"line":11,"column":1}},"1":{"start":{"line":5,"column":4},"end":{"line":10,"column":5}},"2":{"start":{"line":6,"column":25},"end":{"line":6,"column":39}},"3":{"start":{"line":7,"column":8},"end":{"line":7,"column":39}},"4":{"start":{"line":9,"column":8},"end":{"line":9,"column":57}},"5":{"start":{"line":14,"column":27},"end":{"line":26,"column":1}},"6":{"start":{"line":15,"column":4},"end":{"line":25,"column":5}},"7":{"start":{"line":16,"column":27},"end":{"line":16,"column":40}},"8":{"start":{"line":17,"column":24},"end":{"line":17,"column":52}},"9":{"start":{"line":18,"column":8},"end":{"line":21,"column":9}},"10":{"start":{"line":19,"column":12},"end":{"line":19,"column":105}},"11":{"start":{"line":20,"column":12},"end":{"line":20,"column":19}},"12":{"start":{"line":22,"column":8},"end":{"line":22,"column":38}},"13":{"start":{"line":24,"column":8},"end":{"line":24,"column":57}},"14":{"start":{"line":29,"column":30},"end":{"line":41,"column":1}},"15":{"start":{"line":30,"column":4},"end":{"line":40,"column":5}},"16":{"start":{"line":31,"column":33},"end":{"line":31,"column":46}},"17":{"start":{"line":32,"column":23},"end":{"line":32,"column":56}},"18":{"start":{"line":33,"column":8},"end":{"line":36,"column":9}},"19":{"start":{"line":34,"column":12},"end":{"line":34,"column":128}},"20":{"start":{"line":35,"column":12},"end":{"line":35,"column":19}},"21":{"start":{"line":37,"column":8},"end":{"line":37,"column":87}},"22":{"start":{"line":39,"column":8},"end":{"line":39,"column":57}},"23":{"start":{"line":43,"column":30},"end":{"line":56,"column":1}},"24":{"start":{"line":44,"column":4},"end":{"line":55,"column":5}},"25":{"start":{"line":45,"column":27},"end":{"line":45,"column":40}},"26":{"start":{"line":46,"column":36},"end":{"line":46,"column":49}},"27":{"start":{"line":47,"column":23},"end":{"line":47,"column":71}},"28":{"start":{"line":48,"column":8},"end":{"line":51,"column":9}},"29":{"start":{"line":49,"column":12},"end":{"line":49,"column":113}},"30":{"start":{"line":50,"column":12},"end":{"line":50,"column":19}},"31":{"start":{"line":52,"column":8},"end":{"line":52,"column":91}},"32":{"start":{"line":54,"column":8},"end":{"line":54,"column":57}},"33":{"start":{"line":58,"column":30},"end":{"line":70,"column":1}},"34":{"start":{"line":59,"column":4},"end":{"line":69,"column":5}},"35":{"start":{"line":60,"column":27},"end":{"line":60,"column":40}},"36":{"start":{"line":61,"column":23},"end":{"line":61,"column":50}},"37":{"start":{"line":62,"column":8},"end":{"line":65,"column":9}},"38":{"start":{"line":63,"column":12},"end":{"line":63,"column":101}},"39":{"start":{"line":64,"column":12},"end":{"line":64,"column":19}},"40":{"start":{"line":66,"column":8},"end":{"line":66,"column":101}},"41":{"start":{"line":68,"column":8},"end":{"line":68,"column":57}}},"fnMap":{"0":{"name":"(anonymous_0)","decl":{"start":{"line":4,"column":32},"end":{"line":4,"column":33}},"loc":{"start":{"line":4,"column":52},"end":{"line":11,"column":1}},"line":4},"1":{"name":"(anonymous_1)","decl":{"start":{"line":14,"column":27},"end":{"line":14,"column":28}},"loc":{"start":{"line":14,"column":47},"end":{"line":26,"column":1}},"line":14},"2":{"name":"(anonymous_2)","decl":{"start":{"line":29,"column":30},"end":{"line":29,"column":31}},"loc":{"start":{"line":29,"column":50},"end":{"line":41,"column":1}},"line":29},"3":{"name":"(anonymous_3)","decl":{"start":{"line":43,"column":30},"end":{"line":43,"column":31}},"loc":{"start":{"line":43,"column":50},"end":{"line":56,"column":1}},"line":43},"4":{"name":"(anonymous_4)","decl":{"start":{"line":58,"column":30},"end":{"line":58,"column":31}},"loc":{"start":{"line":58,"column":50},"end":{"line":70,"column":1}},"line":58}},"branchMap":{"0":{"loc":{"start":{"line":18,"column":8},"end":{"line":21,"column":9}},"type":"if","locations":[{"start":{"line":18,"column":8},"end":{"line":21,"column":9}},{"start":{},"end":{}}],"line":18},"1":{"loc":{"start":{"line":33,"column":8},"end":{"line":36,"column":9}},"type":"if","locations":[{"start":{"line":33,"column":8},"end":{"line":36,"column":9}},{"start":{},"end":{}}],"line":33},"2":{"loc":{"start":{"line":48,"column":8},"end":{"line":51,"column":9}},"type":"if","locations":[{"start":{"line":48,"column":8},"end":{"line":51,"column":9}},{"start":{},"end":{}}],"line":48},"3":{"loc":{"start":{"line":62,"column":8},"end":{"line":65,"column":9}},"type":"if","locations":[{"start":{"line":62,"column":8},"end":{"line":65,"column":9}},{"start":{},"end":{}}],"line":62}},"s":{"0":3,"1":1,"2":1,"3":1,"4":0,"5":3,"6":0,"7":0,"8":0,"9":0,"10":0,"11":0,"12":0,"13":0,"14":3,"15":0,"16":0,"17":0,"18":0,"19":0,"20":0,"21":0,"22":0,"23":3,"24":0,"25":0,"26":0,"27":0,"28":0,"29":0,"30":0,"31":0,"32":0,"33":3,"34":0,"35":0,"36":0,"37":0,"38":0,"39":0,"40":0,"41":0},"f":{"0":1,"1":0,"2":0,"3":0,"4":0},"b":{"0":[0,0],"1":[0,0],"2":[0,0],"3":[0,0]},"_coverageSchema":"1a1c01bbd47fc00a2c39e90264f33305004495a9","hash":"106fd4979384e7820381719d18e7d8e786724c10"}
,"C:\\Users\\Francisco\\Desktop\\Programación\\TP_INTEGRADOR\\Backend\\src\\controllers\\userController.js": {"path":"C:\\Users\\Francisco\\Desktop\\Programación\\TP_INTEGRADOR\\Backend\\src\\controllers\\userController.js","statementMap":{"0":{"start":{"line":6,"column":24},"end":{"line":6,"column":26}},"1":{"start":{"line":7,"column":17},"end":{"line":7,"column":20}},"2":{"start":{"line":10,"column":29},"end":{"line":17,"column":1}},"3":{"start":{"line":11,"column":4},"end":{"line":16,"column":5}},"4":{"start":{"line":12,"column":22},"end":{"line":12,"column":36}},"5":{"start":{"line":13,"column":8},"end":{"line":13,"column":36}},"6":{"start":{"line":15,"column":8},"end":{"line":15,"column":57}},"7":{"start":{"line":19,"column":24},"end":{"line":31,"column":1}},"8":{"start":{"line":20,"column":4},"end":{"line":30,"column":5}},"9":{"start":{"line":21,"column":24},"end":{"line":21,"column":37}},"10":{"start":{"line":22,"column":21},"end":{"line":22,"column":46}},"11":{"start":{"line":23,"column":8},"end":{"line":26,"column":9}},"12":{"start":{"line":24,"column":12},"end":{"line":24,"column":101}},"13":{"start":{"line":25,"column":12},"end":{"line":25,"column":19}},"14":{"start":{"line":27,"column":8},"end":{"line":27,"column":35}},"15":{"start":{"line":29,"column":8},"end":{"line":29,"column":57}},"16":{"start":{"line":33,"column":27},"end":{"line":45,"column":1}},"17":{"start":{"line":34,"column":4},"end":{"line":44,"column":5}},"18":{"start":{"line":35,"column":30},"end":{"line":35,"column":43}},"19":{"start":{"line":36,"column":23},"end":{"line":36,"column":53}},"20":{"start":{"line":37,"column":8},"end":{"line":40,"column":9}},"21":{"start":{"line":38,"column":12},"end":{"line":38,"column":124}},"22":{"start":{"line":39,"column":12},"end":{"line":39,"column":19}},"23":{"start":{"line":41,"column":8},"end":{"line":41,"column":86}},"24":{"start":{"line":43,"column":8},"end":{"line":43,"column":57}},"25":{"start":{"line":47,"column":27},"end":{"line":60,"column":1}},"26":{"start":{"line":48,"column":4},"end":{"line":59,"column":5}},"27":{"start":{"line":49,"column":24},"end":{"line":49,"column":37}},"28":{"start":{"line":50,"column":33},"end":{"line":50,"column":46}},"29":{"start":{"line":51,"column":23},"end":{"line":51,"column":65}},"30":{"start":{"line":52,"column":8},"end":{"line":55,"column":9}},"31":{"start":{"line":53,"column":12},"end":{"line":53,"column":109}},"32":{"start":{"line":54,"column":12},"end":{"line":54,"column":19}},"33":{"start":{"line":56,"column":8},"end":{"line":56,"column":90}},"34":{"start":{"line":58,"column":8},"end":{"line":58,"column":57}},"35":{"start":{"line":62,"column":27},"end":{"line":74,"column":1}},"36":{"start":{"line":63,"column":4},"end":{"line":73,"column":5}},"37":{"start":{"line":64,"column":24},"end":{"line":64,"column":37}},"38":{"start":{"line":65,"column":23},"end":{"line":65,"column":47}},"39":{"start":{"line":66,"column":8},"end":{"line":69,"column":9}},"40":{"start":{"line":67,"column":12},"end":{"line":67,"column":97}},"41":{"start":{"line":68,"column":12},"end":{"line":68,"column":19}},"42":{"start":{"line":70,"column":8},"end":{"line":70,"column":97}},"43":{"start":{"line":72,"column":8},"end":{"line":72,"column":57}},"44":{"start":{"line":76,"column":21},"end":{"line":115,"column":1}},"45":{"start":{"line":77,"column":4},"end":{"line":114,"column":5}},"46":{"start":{"line":78,"column":32},"end":{"line":78,"column":45}},"47":{"start":{"line":79,"column":25},"end":{"line":79,"column":51}},"48":{"start":{"line":80,"column":8},"end":{"line":83,"column":9}},"49":{"start":{"line":81,"column":12},"end":{"line":81,"column":71}},"50":{"start":{"line":82,"column":12},"end":{"line":82,"column":19}},"51":{"start":{"line":85,"column":23},"end":{"line":85,"column":53}},"52":{"start":{"line":86,"column":8},"end":{"line":105,"column":9}},"53":{"start":{"line":87,"column":27},"end":{"line":87,"column":60}},"54":{"start":{"line":89,"column":25},"end":{"line":94,"column":13}},"55":{"start":{"line":96,"column":12},"end":{"line":102,"column":15}},"56":{"start":{"line":97,"column":16},"end":{"line":101,"column":17}},"57":{"start":{"line":98,"column":20},"end":{"line":98,"column":69}},"58":{"start":{"line":100,"column":20},"end":{"line":100,"column":77}},"59":{"start":{"line":104,"column":12},"end":{"line":104,"column":71}},"60":{"start":{"line":107,"column":8},"end":{"line":107,"column":29}},"61":{"start":{"line":108,"column":8},"end":{"line":111,"column":9}},"62":{"start":{"line":109,"column":12},"end":{"line":109,"column":89}},"63":{"start":{"line":110,"column":12},"end":{"line":110,"column":19}},"64":{"start":{"line":113,"column":8},"end":{"line":113,"column":57}}},"fnMap":{"0":{"name":"(anonymous_0)","decl":{"start":{"line":10,"column":29},"end":{"line":10,"column":30}},"loc":{"start":{"line":10,"column":49},"end":{"line":17,"column":1}},"line":10},"1":{"name":"(anonymous_1)","decl":{"start":{"line":19,"column":24},"end":{"line":19,"column":25}},"loc":{"start":{"line":19,"column":44},"end":{"line":31,"column":1}},"line":19},"2":{"name":"(anonymous_2)","decl":{"start":{"line":33,"column":27},"end":{"line":33,"column":28}},"loc":{"start":{"line":33,"column":47},"end":{"line":45,"column":1}},"line":33},"3":{"name":"(anonymous_3)","decl":{"start":{"line":47,"column":27},"end":{"line":47,"column":28}},"loc":{"start":{"line":47,"column":47},"end":{"line":60,"column":1}},"line":47},"4":{"name":"(anonymous_4)","decl":{"start":{"line":62,"column":27},"end":{"line":62,"column":28}},"loc":{"start":{"line":62,"column":47},"end":{"line":74,"column":1}},"line":62},"5":{"name":"(anonymous_5)","decl":{"start":{"line":76,"column":21},"end":{"line":76,"column":22}},"loc":{"start":{"line":76,"column":41},"end":{"line":115,"column":1}},"line":76},"6":{"name":"(anonymous_6)","decl":{"start":{"line":96,"column":66},"end":{"line":96,"column":67}},"loc":{"start":{"line":96,"column":84},"end":{"line":102,"column":13}},"line":96}},"branchMap":{"0":{"loc":{"start":{"line":23,"column":8},"end":{"line":26,"column":9}},"type":"if","locations":[{"start":{"line":23,"column":8},"end":{"line":26,"column":9}},{"start":{},"end":{}}],"line":23},"1":{"loc":{"start":{"line":37,"column":8},"end":{"line":40,"column":9}},"type":"if","locations":[{"start":{"line":37,"column":8},"end":{"line":40,"column":9}},{"start":{},"end":{}}],"line":37},"2":{"loc":{"start":{"line":52,"column":8},"end":{"line":55,"column":9}},"type":"if","locations":[{"start":{"line":52,"column":8},"end":{"line":55,"column":9}},{"start":{},"end":{}}],"line":52},"3":{"loc":{"start":{"line":66,"column":8},"end":{"line":69,"column":9}},"type":"if","locations":[{"start":{"line":66,"column":8},"end":{"line":69,"column":9}},{"start":{},"end":{}}],"line":66},"4":{"loc":{"start":{"line":80,"column":8},"end":{"line":83,"column":9}},"type":"if","locations":[{"start":{"line":80,"column":8},"end":{"line":83,"column":9}},{"start":{},"end":{}}],"line":80},"5":{"loc":{"start":{"line":86,"column":8},"end":{"line":105,"column":9}},"type":"if","locations":[{"start":{"line":86,"column":8},"end":{"line":105,"column":9}},{"start":{"line":103,"column":15},"end":{"line":105,"column":9}}],"line":86},"6":{"loc":{"start":{"line":97,"column":16},"end":{"line":101,"column":17}},"type":"if","locations":[{"start":{"line":97,"column":16},"end":{"line":101,"column":17}},{"start":{"line":99,"column":23},"end":{"line":101,"column":17}}],"line":97},"7":{"loc":{"start":{"line":108,"column":8},"end":{"line":111,"column":9}},"type":"if","locations":[{"start":{"line":108,"column":8},"end":{"line":111,"column":9}},{"start":{},"end":{}}],"line":108}},"s":{"0":3,"1":3,"2":3,"3":1,"4":1,"5":1,"6":0,"7":3,"8":1,"9":1,"10":1,"11":1,"12":0,"13":0,"14":1,"15":0,"16":3,"17":0,"18":0,"19":0,"20":0,"21":0,"22":0,"23":0,"24":0,"25":3,"26":1,"27":1,"28":1,"29":1,"30":1,"31":1,"32":1,"33":0,"34":0,"35":3,"36":0,"37":0,"38":0,"39":0,"40":0,"41":0,"42":0,"43":0,"44":3,"45":2,"46":2,"47":2,"48":2,"49":0,"50":0,"51":2,"52":2,"53":2,"54":2,"55":2,"56":2,"57":0,"58":2,"59":0,"60":0,"61":0,"62":0,"63":0,"64":0},"f":{"0":1,"1":1,"2":0,"3":1,"4":0,"5":2,"6":2},"b":{"0":[0,1],"1":[0,0],"2":[1,0],"3":[0,0],"4":[0,2],"5":[2,0],"6":[0,2],"7":[0,0]},"_coverageSchema":"1a1c01bbd47fc00a2c39e90264f33305004495a9","hash":"cc9d062fd88e62ff54012270391a78ce2939be97"}
,"C:\\Users\\Francisco\\Desktop\\Programación\\TP_INTEGRADOR\\Backend\\src\\middleware\\idValidator.js": {"path":"C:\\Users\\Francisco\\Desktop\\Programación\\TP_INTEGRADOR\\Backend\\src\\middleware\\idValidator.js","statementMap":{"0":{"start":{"line":3,"column":23},"end":{"line":8,"column":1}},"1":{"start":{"line":10,"column":24},"end":{"line":20,"column":1}},"2":{"start":{"line":12,"column":19},"end":{"line":12,"column":40}},"3":{"start":{"line":13,"column":4},"end":{"line":18,"column":5}},"4":{"start":{"line":14,"column":8},"end":{"line":17,"column":11}},"5":{"start":{"line":19,"column":4},"end":{"line":19,"column":11}}},"fnMap":{"0":{"name":"(anonymous_0)","decl":{"start":{"line":10,"column":24},"end":{"line":10,"column":25}},"loc":{"start":{"line":10,"column":44},"end":{"line":20,"column":1}},"line":10}},"branchMap":{"0":{"loc":{"start":{"line":13,"column":4},"end":{"line":18,"column":5}},"type":"if","locations":[{"start":{"line":13,"column":4},"end":{"line":18,"column":5}},{"start":{},"end":{}}],"line":13}},"s":{"0":3,"1":3,"2":0,"3":0,"4":0,"5":0},"f":{"0":0},"b":{"0":[0,0]},"_coverageSchema":"1a1c01bbd47fc00a2c39e90264f33305004495a9","hash":"25630b4967d2f4786649d325e6b478dd8fc9a373"}
,"C:\\Users\\Francisco\\Desktop\\Programación\\TP_INTEGRADOR\\Backend\\src\\middleware\\professionalValidator.js": {"path":"C:\\Users\\Francisco\\Desktop\\Programación\\TP_INTEGRADOR\\Backend\\src\\middleware\\professionalValidator.js","statementMap":{"0":{"start":{"line":4,"column":33},"end":{"line":9,"column":1}},"1":{"start":{"line":11,"column":24},"end":{"line":21,"column":1}},"2":{"start":{"line":13,"column":19},"end":{"line":13,"column":40}},"3":{"start":{"line":14,"column":4},"end":{"line":19,"column":5}},"4":{"start":{"line":15,"column":8},"end":{"line":18,"column":11}},"5":{"start":{"line":20,"column":4},"end":{"line":20,"column":11}}},"fnMap":{"0":{"name":"(anonymous_0)","decl":{"start":{"line":11,"column":24},"end":{"line":11,"column":25}},"loc":{"start":{"line":11,"column":44},"end":{"line":21,"column":1}},"line":11}},"branchMap":{"0":{"loc":{"start":{"line":14,"column":4},"end":{"line":19,"column":5}},"type":"if","locations":[{"start":{"line":14,"column":4},"end":{"line":19,"column":5}},{"start":{},"end":{}}],"line":14}},"s":{"0":3,"1":3,"2":0,"3":0,"4":0,"5":0},"f":{"0":0},"b":{"0":[0,0]},"_coverageSchema":"1a1c01bbd47fc00a2c39e90264f33305004495a9","hash":"d6c45952aceb9cbc35773dabbfa1213ee2128c44"}
,"C:\\Users\\Francisco\\Desktop\\Programación\\TP_INTEGRADOR\\Backend\\src\\middleware\\reservationRules.js": {"path":"C:\\Users\\Francisco\\Desktop\\Programación\\TP_INTEGRADOR\\Backend\\src\\middleware\\reservationRules.js","statementMap":{"0":{"start":{"line":3,"column":38},"end":{"line":23,"column":1}},"1":{"start":{"line":25,"column":38},"end":{"line":50,"column":1}},"2":{"start":{"line":53,"column":24},"end":{"line":63,"column":1}},"3":{"start":{"line":55,"column":19},"end":{"line":55,"column":40}},"4":{"start":{"line":56,"column":4},"end":{"line":61,"column":5}},"5":{"start":{"line":57,"column":8},"end":{"line":60,"column":11}},"6":{"start":{"line":62,"column":4},"end":{"line":62,"column":11}}},"fnMap":{"0":{"name":"(anonymous_0)","decl":{"start":{"line":53,"column":24},"end":{"line":53,"column":25}},"loc":{"start":{"line":53,"column":44},"end":{"line":63,"column":1}},"line":53}},"branchMap":{"0":{"loc":{"start":{"line":56,"column":4},"end":{"line":61,"column":5}},"type":"if","locations":[{"start":{"line":56,"column":4},"end":{"line":61,"column":5}},{"start":{},"end":{}}],"line":56}},"s":{"0":3,"1":3,"2":3,"3":3,"4":3,"5":0,"6":3},"f":{"0":3},"b":{"0":[0,3]},"_coverageSchema":"1a1c01bbd47fc00a2c39e90264f33305004495a9","hash":"6b2ad288655968e1f06e591c7ad0b6683d86183f"}
,"C:\\Users\\Francisco\\Desktop\\Programación\\TP_INTEGRADOR\\Backend\\src\\middleware\\scheduleValidator.js": {"path":"C:\\Users\\Francisco\\Desktop\\Programación\\TP_INTEGRADOR\\Backend\\src\\middleware\\scheduleValidator.js","statementMap":{"0":{"start":{"line":3,"column":17},"end":{"line":3,"column":80}},"1":{"start":{"line":6,"column":32},"end":{"line":12,"column":1}},"2":{"start":{"line":10,"column":27},"end":{"line":10,"column":65}},"3":{"start":{"line":14,"column":24},"end":{"line":22,"column":1}},"4":{"start":{"line":15,"column":19},"end":{"line":15,"column":40}},"5":{"start":{"line":16,"column":4},"end":{"line":20,"column":5}},"6":{"start":{"line":17,"column":8},"end":{"line":19,"column":11}},"7":{"start":{"line":21,"column":4},"end":{"line":21,"column":11}}},"fnMap":{"0":{"name":"(anonymous_0)","decl":{"start":{"line":10,"column":16},"end":{"line":10,"column":17}},"loc":{"start":{"line":10,"column":27},"end":{"line":10,"column":65}},"line":10},"1":{"name":"(anonymous_1)","decl":{"start":{"line":14,"column":24},"end":{"line":14,"column":25}},"loc":{"start":{"line":14,"column":44},"end":{"line":22,"column":1}},"line":14}},"branchMap":{"0":{"loc":{"start":{"line":16,"column":4},"end":{"line":20,"column":5}},"type":"if","locations":[{"start":{"line":16,"column":4},"end":{"line":20,"column":5}},{"start":{},"end":{}}],"line":16}},"s":{"0":3,"1":3,"2":0,"3":3,"4":0,"5":0,"6":0,"7":0},"f":{"0":0,"1":0},"b":{"0":[0,0]},"_coverageSchema":"1a1c01bbd47fc00a2c39e90264f33305004495a9","hash":"a572ea5e37106885c83fc113992299fbcf6f8c5a"}
,"C:\\Users\\Francisco\\Desktop\\Programación\\TP_INTEGRADOR\\Backend\\src\\middleware\\serviceValidator.js": {"path":"C:\\Users\\Francisco\\Desktop\\Programación\\TP_INTEGRADOR\\Backend\\src\\middleware\\serviceValidator.js","statementMap":{"0":{"start":{"line":3,"column":34},"end":{"line":23,"column":1}},"1":{"start":{"line":25,"column":34},"end":{"line":45,"column":1}},"2":{"start":{"line":47,"column":24},"end":{"line":57,"column":1}},"3":{"start":{"line":49,"column":19},"end":{"line":49,"column":40}},"4":{"start":{"line":50,"column":4},"end":{"line":55,"column":5}},"5":{"start":{"line":51,"column":8},"end":{"line":54,"column":11}},"6":{"start":{"line":56,"column":4},"end":{"line":56,"column":11}}},"fnMap":{"0":{"name":"(anonymous_0)","decl":{"start":{"line":47,"column":24},"end":{"line":47,"column":25}},"loc":{"start":{"line":47,"column":44},"end":{"line":57,"column":1}},"line":47}},"branchMap":{"0":{"loc":{"start":{"line":50,"column":4},"end":{"line":55,"column":5}},"type":"if","locations":[{"start":{"line":50,"column":4},"end":{"line":55,"column":5}},{"start":{},"end":{}}],"line":50}},"s":{"0":3,"1":3,"2":3,"3":0,"4":0,"5":0,"6":0},"f":{"0":0},"b":{"0":[0,0]},"_coverageSchema":"1a1c01bbd47fc00a2c39e90264f33305004495a9","hash":"75631fbbd852832314bc7927927bfc51b3f3831b"}
,"C:\\Users\\Francisco\\Desktop\\Programación\\TP_INTEGRADOR\\Backend\\src\\middleware\\userValidation.js": {"path":"C:\\Users\\Francisco\\Desktop\\Programación\\TP_INTEGRADOR\\Backend\\src\\middleware\\userValidation.js","statementMap":{"0":{"start":{"line":5,"column":31},"end":{"line":25,"column":1}},"1":{"start":{"line":27,"column":30},"end":{"line":36,"column":1}},"2":{"start":{"line":38,"column":31},"end":{"line":58,"column":1}},"3":{"start":{"line":60,"column":24},"end":{"line":69,"column":1}},"4":{"start":{"line":61,"column":19},"end":{"line":61,"column":40}},"5":{"start":{"line":62,"column":4},"end":{"line":67,"column":5}},"6":{"start":{"line":63,"column":8},"end":{"line":66,"column":11}},"7":{"start":{"line":68,"column":4},"end":{"line":68,"column":11}},"8":{"start":{"line":71,"column":30},"end":{"line":94,"column":1}},"9":{"start":{"line":72,"column":4},"end":{"line":93,"column":5}},"10":{"start":{"line":73,"column":8},"end":{"line":88,"column":9}},"11":{"start":{"line":74,"column":26},"end":{"line":74,"column":54}},"12":{"start":{"line":75,"column":29},"end":{"line":75,"column":66}},"13":{"start":{"line":76,"column":12},"end":{"line":82,"column":13}},"14":{"start":{"line":77,"column":16},"end":{"line":77,"column":23}},"15":{"start":{"line":79,"column":16},"end":{"line":81,"column":19}},"16":{"start":{"line":84,"column":8},"end":{"line":87,"column":11}},"17":{"start":{"line":90,"column":8},"end":{"line":92,"column":11}}},"fnMap":{"0":{"name":"(anonymous_0)","decl":{"start":{"line":60,"column":24},"end":{"line":60,"column":25}},"loc":{"start":{"line":60,"column":44},"end":{"line":69,"column":1}},"line":60},"1":{"name":"(anonymous_1)","decl":{"start":{"line":71,"column":30},"end":{"line":71,"column":31}},"loc":{"start":{"line":71,"column":50},"end":{"line":94,"column":1}},"line":71}},"branchMap":{"0":{"loc":{"start":{"line":62,"column":4},"end":{"line":67,"column":5}},"type":"if","locations":[{"start":{"line":62,"column":4},"end":{"line":67,"column":5}},{"start":{},"end":{}}],"line":62},"1":{"loc":{"start":{"line":72,"column":4},"end":{"line":93,"column":5}},"type":"if","locations":[{"start":{"line":72,"column":4},"end":{"line":93,"column":5}},{"start":{"line":89,"column":9},"end":{"line":93,"column":5}}],"line":72},"2":{"loc":{"start":{"line":76,"column":12},"end":{"line":82,"column":13}},"type":"if","locations":[{"start":{"line":76,"column":12},"end":{"line":82,"column":13}},{"start":{"line":78,"column":17},"end":{"line":82,"column":13}}],"line":76}},"s":{"0":3,"1":3,"2":3,"3":3,"4":4,"5":4,"6":0,"7":4,"8":3,"9":9,"10":8,"11":8,"12":8,"13":7,"14":7,"15":0,"16":1,"17":1},"f":{"0":4,"1":9},"b":{"0":[0,4],"1":[8,1],"2":[7,0]},"_coverageSchema":"1a1c01bbd47fc00a2c39e90264f33305004495a9","hash":"b99b055ca08006917be8e05e24d52bc9a27fba0b"}
,"C:\\Users\\Francisco\\Desktop\\Programación\\TP_INTEGRADOR\\Backend\\src\\models\\customerModel.js": {"path":"C:\\Users\\Francisco\\Desktop\\Programación\\TP_INTEGRADOR\\Backend\\src\\models\\customerModel.js","statementMap":{"0":{"start":{"line":4,"column":4},"end":{"line":11,"column":5}},"1":{"start":{"line":5,"column":22},"end":{"line":5,"column":103}},"2":{"start":{"line":6,"column":23},"end":{"line":6,"column":44}},"3":{"start":{"line":7,"column":8},"end":{"line":7,"column":20}},"4":{"start":{"line":9,"column":8},"end":{"line":9,"column":27}},"5":{"start":{"line":10,"column":8},"end":{"line":10,"column":71}},"6":{"start":{"line":15,"column":4},"end":{"line":22,"column":5}},"7":{"start":{"line":16,"column":22},"end":{"line":16,"column":123}},"8":{"start":{"line":17,"column":23},"end":{"line":17,"column":52}},"9":{"start":{"line":18,"column":8},"end":{"line":18,"column":20}},"10":{"start":{"line":20,"column":8},"end":{"line":20,"column":27}},"11":{"start":{"line":21,"column":8},"end":{"line":21,"column":70}},"12":{"start":{"line":26,"column":4},"end":{"line":33,"column":5}},"13":{"start":{"line":27,"column":22},"end":{"line":27,"column":66}},"14":{"start":{"line":28,"column":25},"end":{"line":28,"column":54}},"15":{"start":{"line":29,"column":8},"end":{"line":29,"column":22}},"16":{"start":{"line":31,"column":8},"end":{"line":31,"column":27}},"17":{"start":{"line":32,"column":8},"end":{"line":32,"column":70}}},"fnMap":{"0":{"name":"getAll","decl":{"start":{"line":3,"column":22},"end":{"line":3,"column":28}},"loc":{"start":{"line":3,"column":30},"end":{"line":12,"column":1}},"line":3},"1":{"name":"getOneByID","decl":{"start":{"line":14,"column":22},"end":{"line":14,"column":32}},"loc":{"start":{"line":14,"column":36},"end":{"line":23,"column":1}},"line":14},"2":{"name":"deleteOne","decl":{"start":{"line":25,"column":22},"end":{"line":25,"column":31}},"loc":{"start":{"line":25,"column":35},"end":{"line":34,"column":1}},"line":25}},"branchMap":{},"s":{"0":0,"1":0,"2":0,"3":0,"4":0,"5":0,"6":0,"7":0,"8":0,"9":0,"10":0,"11":0,"12":0,"13":0,"14":0,"15":0,"16":0,"17":0},"f":{"0":0,"1":0,"2":0},"b":{},"_coverageSchema":"1a1c01bbd47fc00a2c39e90264f33305004495a9","hash":"cc2d97e53c5d1b2f35894dd4b1338662a38d8071"}
,"C:\\Users\\Francisco\\Desktop\\Programación\\TP_INTEGRADOR\\Backend\\src\\models\\professionalModel.js": {"path":"C:\\Users\\Francisco\\Desktop\\Programación\\TP_INTEGRADOR\\Backend\\src\\models\\professionalModel.js","statementMap":{"0":{"start":{"line":4,"column":4},"end":{"line":11,"column":5}},"1":{"start":{"line":5,"column":22},"end":{"line":5,"column":107}},"2":{"start":{"line":6,"column":23},"end":{"line":6,"column":44}},"3":{"start":{"line":7,"column":8},"end":{"line":7,"column":20}},"4":{"start":{"line":9,"column":8},"end":{"line":9,"column":27}},"5":{"start":{"line":10,"column":8},"end":{"line":10,"column":76}},"6":{"start":{"line":15,"column":4},"end":{"line":25,"column":5}},"7":{"start":{"line":16,"column":22},"end":{"line":16,"column":87}},"8":{"start":{"line":17,"column":25},"end":{"line":17,"column":82}},"9":{"start":{"line":18,"column":8},"end":{"line":18,"column":22}},"10":{"start":{"line":20,"column":8},"end":{"line":20,"column":27}},"11":{"start":{"line":21,"column":8},"end":{"line":23,"column":9}},"12":{"start":{"line":22,"column":12},"end":{"line":22,"column":93}},"13":{"start":{"line":24,"column":8},"end":{"line":24,"column":93}},"14":{"start":{"line":29,"column":4},"end":{"line":36,"column":5}},"15":{"start":{"line":30,"column":22},"end":{"line":30,"column":74}},"16":{"start":{"line":31,"column":25},"end":{"line":31,"column":54}},"17":{"start":{"line":32,"column":8},"end":{"line":32,"column":22}},"18":{"start":{"line":34,"column":8},"end":{"line":34,"column":27}},"19":{"start":{"line":35,"column":8},"end":{"line":35,"column":74}}},"fnMap":{"0":{"name":"getAll","decl":{"start":{"line":3,"column":22},"end":{"line":3,"column":28}},"loc":{"start":{"line":3,"column":30},"end":{"line":12,"column":1}},"line":3},"1":{"name":"updatespecialty","decl":{"start":{"line":14,"column":22},"end":{"line":14,"column":37}},"loc":{"start":{"line":14,"column":59},"end":{"line":26,"column":1}},"line":14},"2":{"name":"deleteOne","decl":{"start":{"line":28,"column":22},"end":{"line":28,"column":31}},"loc":{"start":{"line":28,"column":35},"end":{"line":37,"column":1}},"line":28}},"branchMap":{"0":{"loc":{"start":{"line":21,"column":8},"end":{"line":23,"column":9}},"type":"if","locations":[{"start":{"line":21,"column":8},"end":{"line":23,"column":9}},{"start":{},"end":{}}],"line":21}},"s":{"0":0,"1":0,"2":0,"3":0,"4":0,"5":0,"6":0,"7":0,"8":0,"9":0,"10":0,"11":0,"12":0,"13":0,"14":0,"15":0,"16":0,"17":0,"18":0,"19":0},"f":{"0":0,"1":0,"2":0},"b":{"0":[0,0]},"_coverageSchema":"1a1c01bbd47fc00a2c39e90264f33305004495a9","hash":"97543d71dcf2f9d8c021dcc77c5417ac9aee446c"}
,"C:\\Users\\Francisco\\Desktop\\Programación\\TP_INTEGRADOR\\Backend\\src\\models\\reservationModel.js": {"path":"C:\\Users\\Francisco\\Desktop\\Programación\\TP_INTEGRADOR\\Backend\\src\\models\\reservationModel.js","statementMap":{"0":{"start":{"line":8,"column":4},"end":{"line":15,"column":5}},"1":{"start":{"line":9,"column":22},"end":{"line":9,"column":49}},"2":{"start":{"line":10,"column":23},"end":{"line":10,"column":44}},"3":{"start":{"line":11,"column":8},"end":{"line":11,"column":20}},"4":{"start":{"line":13,"column":8},"end":{"line":13,"column":27}},"5":{"start":{"line":14,"column":8},"end":{"line":14,"column":71}},"6":{"start":{"line":19,"column":4},"end":{"line":26,"column":5}},"7":{"start":{"line":20,"column":22},"end":{"line":20,"column":74}},"8":{"start":{"line":21,"column":23},"end":{"line":21,"column":52}},"9":{"start":{"line":22,"column":8},"end":{"line":22,"column":20}},"10":{"start":{"line":24,"column":8},"end":{"line":24,"column":27}},"11":{"start":{"line":25,"column":8},"end":{"line":25,"column":70}},"12":{"start":{"line":30,"column":4},"end":{"line":50,"column":5}},"13":{"start":{"line":31,"column":22},"end":{"line":43,"column":32}},"14":{"start":{"line":45,"column":23},"end":{"line":45,"column":52}},"15":{"start":{"line":46,"column":8},"end":{"line":46,"column":20}},"16":{"start":{"line":48,"column":8},"end":{"line":48,"column":27}},"17":{"start":{"line":49,"column":8},"end":{"line":49,"column":70}},"18":{"start":{"line":54,"column":4},"end":{"line":75,"column":5}},"19":{"start":{"line":55,"column":22},"end":{"line":68,"column":33}},"20":{"start":{"line":70,"column":23},"end":{"line":70,"column":52}},"21":{"start":{"line":71,"column":8},"end":{"line":71,"column":20}},"22":{"start":{"line":73,"column":8},"end":{"line":73,"column":27}},"23":{"start":{"line":74,"column":8},"end":{"line":74,"column":70}},"24":{"start":{"line":79,"column":19},"end":{"line":84,"column":5}},"25":{"start":{"line":86,"column":4},"end":{"line":86,"column":23}},"26":{"start":{"line":88,"column":4},"end":{"line":98,"column":5}},"27":{"start":{"line":89,"column":22},"end":{"line":89,"column":111}},"28":{"start":{"line":90,"column":25},"end":{"line":90,"column":56}},"29":{"start":{"line":91,"column":8},"end":{"line":91,"column":22}},"30":{"start":{"line":93,"column":8},"end":{"line":93,"column":27}},"31":{"start":{"line":94,"column":8},"end":{"line":96,"column":9}},"32":{"start":{"line":95,"column":12},"end":{"line":95,"column":110}},"33":{"start":{"line":97,"column":8},"end":{"line":97,"column":67}},"34":{"start":{"line":102,"column":4},"end":{"line":111,"column":5}},"35":{"start":{"line":103,"column":39},"end":{"line":103,"column":76}},"36":{"start":{"line":104,"column":8},"end":{"line":104,"column":23}},"37":{"start":{"line":105,"column":22},"end":{"line":105,"column":87}},"38":{"start":{"line":106,"column":25},"end":{"line":106,"column":56}},"39":{"start":{"line":107,"column":8},"end":{"line":107,"column":22}},"40":{"start":{"line":109,"column":8},"end":{"line":109,"column":27}},"41":{"start":{"line":110,"column":8},"end":{"line":110,"column":72}}},"fnMap":{"0":{"name":"getAll","decl":{"start":{"line":7,"column":22},"end":{"line":7,"column":28}},"loc":{"start":{"line":7,"column":30},"end":{"line":16,"column":1}},"line":7},"1":{"name":"getOneByID","decl":{"start":{"line":18,"column":22},"end":{"line":18,"column":32}},"loc":{"start":{"line":18,"column":36},"end":{"line":27,"column":1}},"line":18},"2":{"name":"getByCustomer","decl":{"start":{"line":29,"column":22},"end":{"line":29,"column":35}},"loc":{"start":{"line":29,"column":39},"end":{"line":51,"column":1}},"line":29},"3":{"name":"getByProfessional","decl":{"start":{"line":53,"column":22},"end":{"line":53,"column":39}},"loc":{"start":{"line":53,"column":43},"end":{"line":76,"column":1}},"line":53},"4":{"name":"createOne","decl":{"start":{"line":78,"column":22},"end":{"line":78,"column":31}},"loc":{"start":{"line":78,"column":37},"end":{"line":99,"column":1}},"line":78},"5":{"name":"updateOne","decl":{"start":{"line":101,"column":22},"end":{"line":101,"column":31}},"loc":{"start":{"line":101,"column":48},"end":{"line":112,"column":1}},"line":101}},"branchMap":{"0":{"loc":{"start":{"line":94,"column":8},"end":{"line":96,"column":9}},"type":"if","locations":[{"start":{"line":94,"column":8},"end":{"line":96,"column":9}},{"start":{},"end":{}}],"line":94}},"s":{"0":1,"1":1,"2":1,"3":1,"4":0,"5":0,"6":1,"7":1,"8":1,"9":1,"10":0,"11":0,"12":0,"13":0,"14":0,"15":0,"16":0,"17":0,"18":0,"19":0,"20":0,"21":0,"22":0,"23":0,"24":1,"25":1,"26":1,"27":1,"28":1,"29":1,"30":0,"31":0,"32":0,"33":0,"34":1,"35":1,"36":1,"37":1,"38":1,"39":1,"40":0,"41":0},"f":{"0":1,"1":1,"2":0,"3":0,"4":1,"5":1},"b":{"0":[0,0]},"_coverageSchema":"1a1c01bbd47fc00a2c39e90264f33305004495a9","hash":"74ee885dd45b2d035c51e7dcbec35c44330742d2"}
,"C:\\Users\\Francisco\\Desktop\\Programación\\TP_INTEGRADOR\\Backend\\src\\models\\scheduleModel.js": {"path":"C:\\Users\\Francisco\\Desktop\\Programación\\TP_INTEGRADOR\\Backend\\src\\models\\scheduleModel.js","statementMap":{"0":{"start":{"line":4,"column":4},"end":{"line":11,"column":5}},"1":{"start":{"line":5,"column":22},"end":{"line":5,"column":47}},"2":{"start":{"line":6,"column":23},"end":{"line":6,"column":44}},"3":{"start":{"line":7,"column":8},"end":{"line":7,"column":20}},"4":{"start":{"line":9,"column":8},"end":{"line":9,"column":27}},"5":{"start":{"line":10,"column":8},"end":{"line":10,"column":71}},"6":{"start":{"line":15,"column":4},"end":{"line":22,"column":5}},"7":{"start":{"line":16,"column":22},"end":{"line":16,"column":69}},"8":{"start":{"line":17,"column":23},"end":{"line":17,"column":52}},"9":{"start":{"line":18,"column":8},"end":{"line":18,"column":20}},"10":{"start":{"line":20,"column":8},"end":{"line":20,"column":27}},"11":{"start":{"line":21,"column":8},"end":{"line":21,"column":70}},"12":{"start":{"line":26,"column":4},"end":{"line":33,"column":5}},"13":{"start":{"line":27,"column":22},"end":{"line":27,"column":67}},"14":{"start":{"line":28,"column":23},"end":{"line":28,"column":52}},"15":{"start":{"line":29,"column":8},"end":{"line":29,"column":20}},"16":{"start":{"line":31,"column":8},"end":{"line":31,"column":27}},"17":{"start":{"line":32,"column":8},"end":{"line":32,"column":70}}},"fnMap":{"0":{"name":"getAll","decl":{"start":{"line":3,"column":22},"end":{"line":3,"column":28}},"loc":{"start":{"line":3,"column":30},"end":{"line":12,"column":1}},"line":3},"1":{"name":"getOneByID","decl":{"start":{"line":14,"column":22},"end":{"line":14,"column":32}},"loc":{"start":{"line":14,"column":36},"end":{"line":23,"column":1}},"line":14},"2":{"name":"getOneByDay","decl":{"start":{"line":25,"column":22},"end":{"line":25,"column":33}},"loc":{"start":{"line":25,"column":37},"end":{"line":34,"column":1}},"line":25}},"branchMap":{},"s":{"0":0,"1":0,"2":0,"3":0,"4":0,"5":0,"6":0,"7":0,"8":0,"9":0,"10":0,"11":0,"12":0,"13":0,"14":0,"15":0,"16":0,"17":0},"f":{"0":0,"1":0,"2":0},"b":{},"_coverageSchema":"1a1c01bbd47fc00a2c39e90264f33305004495a9","hash":"c56e1a6c78c668446b752300c795c7aa32e14437"}
,"C:\\Users\\Francisco\\Desktop\\Programación\\TP_INTEGRADOR\\Backend\\src\\models\\serviceModel.js": {"path":"C:\\Users\\Francisco\\Desktop\\Programación\\TP_INTEGRADOR\\Backend\\src\\models\\serviceModel.js","statementMap":{"0":{"start":{"line":4,"column":4},"end":{"line":11,"column":5}},"1":{"start":{"line":5,"column":22},"end":{"line":5,"column":45}},"2":{"start":{"line":6,"column":23},"end":{"line":6,"column":44}},"3":{"start":{"line":7,"column":8},"end":{"line":7,"column":20}},"4":{"start":{"line":9,"column":8},"end":{"line":9,"column":27}},"5":{"start":{"line":10,"column":8},"end":{"line":10,"column":72}},"6":{"start":{"line":15,"column":4},"end":{"line":22,"column":5}},"7":{"start":{"line":16,"column":22},"end":{"line":16,"column":66}},"8":{"start":{"line":17,"column":23},"end":{"line":17,"column":52}},"9":{"start":{"line":18,"column":8},"end":{"line":18,"column":20}},"10":{"start":{"line":20,"column":8},"end":{"line":20,"column":27}},"11":{"start":{"line":21,"column":8},"end":{"line":21,"column":71}},"12":{"start":{"line":26,"column":19},"end":{"line":31,"column":5}},"13":{"start":{"line":33,"column":4},"end":{"line":40,"column":5}},"14":{"start":{"line":34,"column":22},"end":{"line":34,"column":99}},"15":{"start":{"line":35,"column":25},"end":{"line":35,"column":56}},"16":{"start":{"line":36,"column":8},"end":{"line":36,"column":22}},"17":{"start":{"line":38,"column":8},"end":{"line":38,"column":27}},"18":{"start":{"line":39,"column":8},"end":{"line":39,"column":68}},"19":{"start":{"line":44,"column":4},"end":{"line":56,"column":5}},"20":{"start":{"line":45,"column":39},"end":{"line":45,"column":72}},"21":{"start":{"line":46,"column":8},"end":{"line":46,"column":23}},"22":{"start":{"line":47,"column":22},"end":{"line":47,"column":79}},"23":{"start":{"line":48,"column":25},"end":{"line":48,"column":56}},"24":{"start":{"line":49,"column":8},"end":{"line":49,"column":22}},"25":{"start":{"line":51,"column":8},"end":{"line":51,"column":27}},"26":{"start":{"line":52,"column":8},"end":{"line":54,"column":9}},"27":{"start":{"line":53,"column":12},"end":{"line":53,"column":58}},"28":{"start":{"line":55,"column":8},"end":{"line":55,"column":72}},"29":{"start":{"line":60,"column":4},"end":{"line":67,"column":5}},"30":{"start":{"line":61,"column":22},"end":{"line":61,"column":64}},"31":{"start":{"line":62,"column":25},"end":{"line":62,"column":54}},"32":{"start":{"line":63,"column":8},"end":{"line":63,"column":22}},"33":{"start":{"line":65,"column":8},"end":{"line":65,"column":27}},"34":{"start":{"line":66,"column":8},"end":{"line":66,"column":71}}},"fnMap":{"0":{"name":"getAll","decl":{"start":{"line":3,"column":22},"end":{"line":3,"column":28}},"loc":{"start":{"line":3,"column":30},"end":{"line":12,"column":1}},"line":3},"1":{"name":"getOneByID","decl":{"start":{"line":14,"column":22},"end":{"line":14,"column":32}},"loc":{"start":{"line":14,"column":36},"end":{"line":23,"column":1}},"line":14},"2":{"name":"createOne","decl":{"start":{"line":25,"column":22},"end":{"line":25,"column":31}},"loc":{"start":{"line":25,"column":37},"end":{"line":41,"column":1}},"line":25},"3":{"name":"updateOne","decl":{"start":{"line":43,"column":22},"end":{"line":43,"column":31}},"loc":{"start":{"line":43,"column":48},"end":{"line":57,"column":1}},"line":43},"4":{"name":"deleteOne","decl":{"start":{"line":59,"column":22},"end":{"line":59,"column":31}},"loc":{"start":{"line":59,"column":35},"end":{"line":68,"column":1}},"line":59}},"branchMap":{"0":{"loc":{"start":{"line":52,"column":8},"end":{"line":54,"column":9}},"type":"if","locations":[{"start":{"line":52,"column":8},"end":{"line":54,"column":9}},{"start":{},"end":{}}],"line":52}},"s":{"0":2,"1":2,"2":2,"3":2,"4":0,"5":0,"6":2,"7":2,"8":2,"9":2,"10":0,"11":0,"12":0,"13":0,"14":0,"15":0,"16":0,"17":0,"18":0,"19":0,"20":0,"21":0,"22":0,"23":0,"24":0,"25":0,"26":0,"27":0,"28":0,"29":1,"30":1,"31":1,"32":1,"33":0,"34":0},"f":{"0":2,"1":2,"2":0,"3":0,"4":1},"b":{"0":[0,0]},"_coverageSchema":"1a1c01bbd47fc00a2c39e90264f33305004495a9","hash":"ee36198f1396c83486748bf285f70d28e302c115"}
,"C:\\Users\\Francisco\\Desktop\\Programación\\TP_INTEGRADOR\\Backend\\src\\models\\userModel.js": {"path":"C:\\Users\\Francisco\\Desktop\\Programación\\TP_INTEGRADOR\\Backend\\src\\models\\userModel.js","statementMap":{"0":{"start":{"line":5,"column":4},"end":{"line":12,"column":5}},"1":{"start":{"line":6,"column":22},"end":{"line":6,"column":42}},"2":{"start":{"line":7,"column":23},"end":{"line":7,"column":44}},"3":{"start":{"line":8,"column":8},"end":{"line":8,"column":20}},"4":{"start":{"line":10,"column":8},"end":{"line":10,"column":27}},"5":{"start":{"line":11,"column":8},"end":{"line":11,"column":71}},"6":{"start":{"line":16,"column":4},"end":{"line":23,"column":5}},"7":{"start":{"line":17,"column":22},"end":{"line":17,"column":60}},"8":{"start":{"line":18,"column":23},"end":{"line":18,"column":52}},"9":{"start":{"line":19,"column":8},"end":{"line":19,"column":20}},"10":{"start":{"line":21,"column":8},"end":{"line":21,"column":27}},"11":{"start":{"line":22,"column":8},"end":{"line":22,"column":70}},"12":{"start":{"line":27,"column":4},"end":{"line":42,"column":5}},"13":{"start":{"line":28,"column":8},"end":{"line":37,"column":9}},"14":{"start":{"line":29,"column":26},"end":{"line":29,"column":62}},"15":{"start":{"line":30,"column":27},"end":{"line":30,"column":59}},"16":{"start":{"line":31,"column":12},"end":{"line":33,"column":13}},"17":{"start":{"line":32,"column":16},"end":{"line":32,"column":88}},"18":{"start":{"line":34,"column":12},"end":{"line":34,"column":24}},"19":{"start":{"line":36,"column":12},"end":{"line":36,"column":64}},"20":{"start":{"line":40,"column":8},"end":{"line":40,"column":27}},"21":{"start":{"line":41,"column":8},"end":{"line":41,"column":65}},"22":{"start":{"line":47,"column":4},"end":{"line":70,"column":5}},"23":{"start":{"line":48,"column":23},"end":{"line":48,"column":75}},"24":{"start":{"line":49,"column":27},"end":{"line":49,"column":62}},"25":{"start":{"line":50,"column":8},"end":{"line":55,"column":9}},"26":{"start":{"line":51,"column":12},"end":{"line":54,"column":14}},"27":{"start":{"line":57,"column":23},"end":{"line":57,"column":83}},"28":{"start":{"line":58,"column":31},"end":{"line":58,"column":66}},"29":{"start":{"line":59,"column":8},"end":{"line":64,"column":9}},"30":{"start":{"line":60,"column":12},"end":{"line":63,"column":14}},"31":{"start":{"line":66,"column":8},"end":{"line":66,"column":63}},"32":{"start":{"line":68,"column":8},"end":{"line":68,"column":27}},"33":{"start":{"line":69,"column":8},"end":{"line":69,"column":84}},"34":{"start":{"line":74,"column":19},"end":{"line":79,"column":5}},"35":{"start":{"line":81,"column":4},"end":{"line":91,"column":5}},"36":{"start":{"line":82,"column":22},"end":{"line":82,"column":97}},"37":{"start":{"line":83,"column":25},"end":{"line":83,"column":56}},"38":{"start":{"line":84,"column":8},"end":{"line":84,"column":22}},"39":{"start":{"line":86,"column":8},"end":{"line":86,"column":27}},"40":{"start":{"line":87,"column":8},"end":{"line":89,"column":9}},"41":{"start":{"line":88,"column":12},"end":{"line":88,"column":78}},"42":{"start":{"line":90,"column":8},"end":{"line":90,"column":67}},"43":{"start":{"line":95,"column":4},"end":{"line":107,"column":5}},"44":{"start":{"line":96,"column":39},"end":{"line":96,"column":69}},"45":{"start":{"line":97,"column":8},"end":{"line":97,"column":23}},"46":{"start":{"line":98,"column":22},"end":{"line":98,"column":77}},"47":{"start":{"line":99,"column":25},"end":{"line":99,"column":56}},"48":{"start":{"line":100,"column":8},"end":{"line":100,"column":22}},"49":{"start":{"line":102,"column":8},"end":{"line":102,"column":27}},"50":{"start":{"line":103,"column":8},"end":{"line":105,"column":9}},"51":{"start":{"line":104,"column":12},"end":{"line":104,"column":107}},"52":{"start":{"line":106,"column":8},"end":{"line":106,"column":72}},"53":{"start":{"line":111,"column":4},"end":{"line":118,"column":5}},"54":{"start":{"line":112,"column":22},"end":{"line":112,"column":58}},"55":{"start":{"line":113,"column":25},"end":{"line":113,"column":54}},"56":{"start":{"line":114,"column":8},"end":{"line":114,"column":22}},"57":{"start":{"line":116,"column":8},"end":{"line":116,"column":27}},"58":{"start":{"line":117,"column":8},"end":{"line":117,"column":70}}},"fnMap":{"0":{"name":"getAll","decl":{"start":{"line":4,"column":22},"end":{"line":4,"column":28}},"loc":{"start":{"line":4,"column":30},"end":{"line":13,"column":1}},"line":4},"1":{"name":"getOneByID","decl":{"start":{"line":15,"column":22},"end":{"line":15,"column":32}},"loc":{"start":{"line":15,"column":36},"end":{"line":24,"column":1}},"line":15},"2":{"name":"getOneByEmail","decl":{"start":{"line":26,"column":22},"end":{"line":26,"column":35}},"loc":{"start":{"line":26,"column":42},"end":{"line":43,"column":1}},"line":26},"3":{"name":"getUserRole","decl":{"start":{"line":46,"column":22},"end":{"line":46,"column":33}},"loc":{"start":{"line":46,"column":42},"end":{"line":71,"column":1}},"line":46},"4":{"name":"createOne","decl":{"start":{"line":73,"column":22},"end":{"line":73,"column":31}},"loc":{"start":{"line":73,"column":37},"end":{"line":92,"column":1}},"line":73},"5":{"name":"updateOne","decl":{"start":{"line":94,"column":22},"end":{"line":94,"column":31}},"loc":{"start":{"line":94,"column":48},"end":{"line":108,"column":1}},"line":94},"6":{"name":"deleteOne","decl":{"start":{"line":110,"column":22},"end":{"line":110,"column":31}},"loc":{"start":{"line":110,"column":35},"end":{"line":119,"column":1}},"line":110}},"branchMap":{"0":{"loc":{"start":{"line":28,"column":8},"end":{"line":37,"column":9}},"type":"if","locations":[{"start":{"line":28,"column":8},"end":{"line":37,"column":9}},{"start":{"line":35,"column":13},"end":{"line":37,"column":9}}],"line":28},"1":{"loc":{"start":{"line":31,"column":12},"end":{"line":33,"column":13}},"type":"if","locations":[{"start":{"line":31,"column":12},"end":{"line":33,"column":13}},{"start":{},"end":{}}],"line":31},"2":{"loc":{"start":{"line":50,"column":8},"end":{"line":55,"column":9}},"type":"if","locations":[{"start":{"line":50,"column":8},"end":{"line":55,"column":9}},{"start":{},"end":{}}],"line":50},"3":{"loc":{"start":{"line":59,"column":8},"end":{"line":64,"column":9}},"type":"if","locations":[{"start":{"line":59,"column":8},"end":{"line":64,"column":9}},{"start":{},"end":{}}],"line":59},"4":{"loc":{"start":{"line":87,"column":8},"end":{"line":89,"column":9}},"type":"if","locations":[{"start":{"line":87,"column":8},"end":{"line":89,"column":9}},{"start":{},"end":{}}],"line":87},"5":{"loc":{"start":{"line":103,"column":8},"end":{"line":105,"column":9}},"type":"if","locations":[{"start":{"line":103,"column":8},"end":{"line":105,"column":9}},{"start":{},"end":{}}],"line":103}},"s":{"0":1,"1":1,"2":1,"3":1,"4":0,"5":0,"6":1,"7":1,"8":1,"9":1,"10":0,"11":0,"12":2,"13":2,"14":2,"15":2,"16":2,"17":0,"18":2,"19":0,"20":0,"21":0,"22":3,"23":3,"24":3,"25":3,"26":2,"27":1,"28":1,"29":1,"30":1,"31":0,"32":0,"33":0,"34":0,"35":0,"36":0,"37":0,"38":0,"39":0,"40":0,"41":0,"42":0,"43":1,"44":1,"45":1,"46":1,"47":1,"48":1,"49":0,"50":0,"51":0,"52":0,"53":0,"54":0,"55":0,"56":0,"57":0,"58":0},"f":{"0":1,"1":1,"2":2,"3":3,"4":0,"5":1,"6":0},"b":{"0":[2,0],"1":[0,2],"2":[2,1],"3":[1,0],"4":[0,0],"5":[0,0]},"_coverageSchema":"1a1c01bbd47fc00a2c39e90264f33305004495a9","hash":"2cf35d3811df9a3c0e7337906a589baf80aa2e02"}
,"C:\\Users\\Francisco\\Desktop\\Programación\\TP_INTEGRADOR\\Backend\\src\\others\\updateReservationManager.js": {"path":"C:\\Users\\Francisco\\Desktop\\Programación\\TP_INTEGRADOR\\Backend\\src\\others\\updateReservationManager.js","statementMap":{"0":{"start":{"line":1,"column":40},"end":{"line":25,"column":1}},"1":{"start":{"line":2,"column":23},"end":{"line":2,"column":25}},"2":{"start":{"line":3,"column":19},"end":{"line":3,"column":21}},"3":{"start":{"line":4,"column":4},"end":{"line":7,"column":5}},"4":{"start":{"line":5,"column":8},"end":{"line":5,"column":42}},"5":{"start":{"line":6,"column":8},"end":{"line":6,"column":37}},"6":{"start":{"line":8,"column":4},"end":{"line":11,"column":5}},"7":{"start":{"line":9,"column":8},"end":{"line":9,"column":70}},"8":{"start":{"line":10,"column":8},"end":{"line":10,"column":36}},"9":{"start":{"line":12,"column":4},"end":{"line":15,"column":5}},"10":{"start":{"line":13,"column":8},"end":{"line":13,"column":71}},"11":{"start":{"line":14,"column":8},"end":{"line":14,"column":37}},"12":{"start":{"line":16,"column":4},"end":{"line":19,"column":5}},"13":{"start":{"line":17,"column":8},"end":{"line":17,"column":65}},"14":{"start":{"line":18,"column":8},"end":{"line":18,"column":31}},"15":{"start":{"line":20,"column":4},"end":{"line":23,"column":5}},"16":{"start":{"line":21,"column":8},"end":{"line":21,"column":64}},"17":{"start":{"line":22,"column":8},"end":{"line":22,"column":30}},"18":{"start":{"line":24,"column":4},"end":{"line":24,"column":33}}},"fnMap":{"0":{"name":"(anonymous_0)","decl":{"start":{"line":1,"column":40},"end":{"line":1,"column":41}},"loc":{"start":{"line":1,"column":50},"end":{"line":25,"column":1}},"line":1}},"branchMap":{"0":{"loc":{"start":{"line":4,"column":4},"end":{"line":7,"column":5}},"type":"if","locations":[{"start":{"line":4,"column":4},"end":{"line":7,"column":5}},{"start":{},"end":{}}],"line":4},"1":{"loc":{"start":{"line":8,"column":4},"end":{"line":11,"column":5}},"type":"if","locations":[{"start":{"line":8,"column":4},"end":{"line":11,"column":5}},{"start":{},"end":{}}],"line":8},"2":{"loc":{"start":{"line":9,"column":25},"end":{"line":9,"column":49}},"type":"cond-expr","locations":[{"start":{"line":9,"column":40},"end":{"line":9,"column":44}},{"start":{"line":9,"column":47},"end":{"line":9,"column":49}}],"line":9},"3":{"loc":{"start":{"line":12,"column":4},"end":{"line":15,"column":5}},"type":"if","locations":[{"start":{"line":12,"column":4},"end":{"line":15,"column":5}},{"start":{},"end":{}}],"line":12},"4":{"loc":{"start":{"line":13,"column":25},"end":{"line":13,"column":49}},"type":"cond-expr","locations":[{"start":{"line":13,"column":40},"end":{"line":13,"column":44}},{"start":{"line":13,"column":47},"end":{"line":13,"column":49}}],"line":13},"5":{"loc":{"start":{"line":16,"column":4},"end":{"line":19,"column":5}},"type":"if","locations":[{"start":{"line":16,"column":4},"end":{"line":19,"column":5}},{"start":{},"end":{}}],"line":16},"6":{"loc":{"start":{"line":17,"column":25},"end":{"line":17,"column":49}},"type":"cond-expr","locations":[{"start":{"line":17,"column":40},"end":{"line":17,"column":44}},{"start":{"line":17,"column":47},"end":{"line":17,"column":49}}],"line":17},"7":{"loc":{"start":{"line":20,"column":4},"end":{"line":23,"column":5}},"type":"if","locations":[{"start":{"line":20,"column":4},"end":{"line":23,"column":5}},{"start":{},"end":{}}],"line":20},"8":{"loc":{"start":{"line":21,"column":25},"end":{"line":21,"column":49}},"type":"cond-expr","locations":[{"start":{"line":21,"column":40},"end":{"line":21,"column":44}},{"start":{"line":21,"column":47},"end":{"line":21,"column":49}}],"line":21}},"s":{"0":3,"1":1,"2":1,"3":1,"4":0,"5":0,"6":1,"7":0,"8":0,"9":1,"10":1,"11":1,"12":1,"13":0,"14":0,"15":1,"16":0,"17":0,"18":1},"f":{"0":1},"b":{"0":[0,1],"1":[0,1],"2":[0,0],"3":[1,0],"4":[0,1],"5":[0,1],"6":[0,0],"7":[0,1],"8":[0,0]},"_coverageSchema":"1a1c01bbd47fc00a2c39e90264f33305004495a9","hash":"8808bb37dfbfc4663aee6229331cd0a3bc0dd36f"}
,"C:\\Users\\Francisco\\Desktop\\Programación\\TP_INTEGRADOR\\Backend\\src\\others\\updateServiceManager.js": {"path":"C:\\Users\\Francisco\\Desktop\\Programación\\TP_INTEGRADOR\\Backend\\src\\others\\updateServiceManager.js","statementMap":{"0":{"start":{"line":1,"column":36},"end":{"line":21,"column":1}},"1":{"start":{"line":2,"column":23},"end":{"line":2,"column":25}},"2":{"start":{"line":3,"column":19},"end":{"line":3,"column":21}},"3":{"start":{"line":4,"column":4},"end":{"line":7,"column":5}},"4":{"start":{"line":5,"column":8},"end":{"line":5,"column":35}},"5":{"start":{"line":6,"column":8},"end":{"line":6,"column":30}},"6":{"start":{"line":8,"column":4},"end":{"line":11,"column":5}},"7":{"start":{"line":9,"column":8},"end":{"line":9,"column":71}},"8":{"start":{"line":10,"column":8},"end":{"line":10,"column":37}},"9":{"start":{"line":12,"column":4},"end":{"line":15,"column":5}},"10":{"start":{"line":13,"column":8},"end":{"line":13,"column":65}},"11":{"start":{"line":14,"column":8},"end":{"line":14,"column":31}},"12":{"start":{"line":16,"column":4},"end":{"line":19,"column":5}},"13":{"start":{"line":17,"column":8},"end":{"line":17,"column":68}},"14":{"start":{"line":18,"column":8},"end":{"line":18,"column":34}},"15":{"start":{"line":20,"column":4},"end":{"line":20,"column":33}}},"fnMap":{"0":{"name":"(anonymous_0)","decl":{"start":{"line":1,"column":36},"end":{"line":1,"column":37}},"loc":{"start":{"line":1,"column":46},"end":{"line":21,"column":1}},"line":1}},"branchMap":{"0":{"loc":{"start":{"line":4,"column":4},"end":{"line":7,"column":5}},"type":"if","locations":[{"start":{"line":4,"column":4},"end":{"line":7,"column":5}},{"start":{},"end":{}}],"line":4},"1":{"loc":{"start":{"line":8,"column":4},"end":{"line":11,"column":5}},"type":"if","locations":[{"start":{"line":8,"column":4},"end":{"line":11,"column":5}},{"start":{},"end":{}}],"line":8},"2":{"loc":{"start":{"line":9,"column":25},"end":{"line":9,"column":49}},"type":"cond-expr","locations":[{"start":{"line":9,"column":40},"end":{"line":9,"column":44}},{"start":{"line":9,"column":47},"end":{"line":9,"column":49}}],"line":9},"3":{"loc":{"start":{"line":12,"column":4},"end":{"line":15,"column":5}},"type":"if","locations":[{"start":{"line":12,"column":4},"end":{"line":15,"column":5}},{"start":{},"end":{}}],"line":12},"4":{"loc":{"start":{"line":13,"column":25},"end":{"line":13,"column":49}},"type":"cond-expr","locations":[{"start":{"line":13,"column":40},"end":{"line":13,"column":44}},{"start":{"line":13,"column":47},"end":{"line":13,"column":49}}],"line":13},"5":{"loc":{"start":{"line":16,"column":4},"end":{"line":19,"column":5}},"type":"if","locations":[{"start":{"line":16,"column":4},"end":{"line":19,"column":5}},{"start":{},"end":{}}],"line":16},"6":{"loc":{"start":{"line":17,"column":25},"end":{"line":17,"column":49}},"type":"cond-expr","locations":[{"start":{"line":17,"column":40},"end":{"line":17,"column":44}},{"start":{"line":17,"column":47},"end":{"line":17,"column":49}}],"line":17}},"s":{"0":4,"1":0,"2":0,"3":0,"4":0,"5":0,"6":0,"7":0,"8":0,"9":0,"10":0,"11":0,"12":0,"13":0,"14":0,"15":0},"f":{"0":0},"b":{"0":[0,0],"1":[0,0],"2":[0,0],"3":[0,0],"4":[0,0],"5":[0,0],"6":[0,0]},"_coverageSchema":"1a1c01bbd47fc00a2c39e90264f33305004495a9","hash":"7ad8ae9c22cedd90f7eddcbde943040d45b59f14"}
,"C:\\Users\\Francisco\\Desktop\\Programación\\TP_INTEGRADOR\\Backend\\src\\others\\updateUserManager.js": {"path":"C:\\Users\\Francisco\\Desktop\\Programación\\TP_INTEGRADOR\\Backend\\src\\others\\updateUserManager.js","statementMap":{"0":{"start":{"line":1,"column":33},"end":{"line":21,"column":1}},"1":{"start":{"line":2,"column":23},"end":{"line":2,"column":25}},"2":{"start":{"line":3,"column":19},"end":{"line":3,"column":21}},"3":{"start":{"line":4,"column":4},"end":{"line":7,"column":5}},"4":{"start":{"line":5,"column":8},"end":{"line":5,"column":35}},"5":{"start":{"line":6,"column":8},"end":{"line":6,"column":30}},"6":{"start":{"line":8,"column":4},"end":{"line":11,"column":5}},"7":{"start":{"line":9,"column":8},"end":{"line":9,"column":65}},"8":{"start":{"line":10,"column":8},"end":{"line":10,"column":31}},"9":{"start":{"line":12,"column":4},"end":{"line":15,"column":5}},"10":{"start":{"line":13,"column":8},"end":{"line":13,"column":72}},"11":{"start":{"line":14,"column":8},"end":{"line":14,"column":38}},"12":{"start":{"line":16,"column":4},"end":{"line":19,"column":5}},"13":{"start":{"line":17,"column":8},"end":{"line":17,"column":64}},"14":{"start":{"line":18,"column":8},"end":{"line":18,"column":30}},"15":{"start":{"line":20,"column":4},"end":{"line":20,"column":33}}},"fnMap":{"0":{"name":"(anonymous_0)","decl":{"start":{"line":1,"column":33},"end":{"line":1,"column":34}},"loc":{"start":{"line":1,"column":43},"end":{"line":21,"column":1}},"line":1}},"branchMap":{"0":{"loc":{"start":{"line":4,"column":4},"end":{"line":7,"column":5}},"type":"if","locations":[{"start":{"line":4,"column":4},"end":{"line":7,"column":5}},{"start":{},"end":{}}],"line":4},"1":{"loc":{"start":{"line":8,"column":4},"end":{"line":11,"column":5}},"type":"if","locations":[{"start":{"line":8,"column":4},"end":{"line":11,"column":5}},{"start":{},"end":{}}],"line":8},"2":{"loc":{"start":{"line":9,"column":25},"end":{"line":9,"column":49}},"type":"cond-expr","locations":[{"start":{"line":9,"column":40},"end":{"line":9,"column":44}},{"start":{"line":9,"column":47},"end":{"line":9,"column":49}}],"line":9},"3":{"loc":{"start":{"line":12,"column":4},"end":{"line":15,"column":5}},"type":"if","locations":[{"start":{"line":12,"column":4},"end":{"line":15,"column":5}},{"start":{},"end":{}}],"line":12},"4":{"loc":{"start":{"line":13,"column":25},"end":{"line":13,"column":49}},"type":"cond-expr","locations":[{"start":{"line":13,"column":40},"end":{"line":13,"column":44}},{"start":{"line":13,"column":47},"end":{"line":13,"column":49}}],"line":13},"5":{"loc":{"start":{"line":16,"column":4},"end":{"line":19,"column":5}},"type":"if","locations":[{"start":{"line":16,"column":4},"end":{"line":19,"column":5}},{"start":{},"end":{}}],"line":16},"6":{"loc":{"start":{"line":17,"column":25},"end":{"line":17,"column":49}},"type":"cond-expr","locations":[{"start":{"line":17,"column":40},"end":{"line":17,"column":44}},{"start":{"line":17,"column":47},"end":{"line":17,"column":49}}],"line":17}},"s":{"0":3,"1":1,"2":1,"3":1,"4":1,"5":1,"6":1,"7":0,"8":0,"9":1,"10":1,"11":1,"12":1,"13":0,"14":0,"15":1},"f":{"0":1},"b":{"0":[1,0],"1":[0,1],"2":[0,0],"3":[1,0],"4":[1,0],"5":[0,1],"6":[0,0]},"_coverageSchema":"1a1c01bbd47fc00a2c39e90264f33305004495a9","hash":"c92eb4d9323247d13442ae0175aa487c7188cb11"}
,"C:\\Users\\Francisco\\Desktop\\Programación\\TP_INTEGRADOR\\Backend\\src\\router\\customerRoutes.js": {"path":"C:\\Users\\Francisco\\Desktop\\Programación\\TP_INTEGRADOR\\Backend\\src\\router\\customerRoutes.js","statementMap":{"0":{"start":{"line":5,"column":15},"end":{"line":5,"column":23}},"1":{"start":{"line":7,"column":0},"end":{"line":7,"column":51}},"2":{"start":{"line":8,"column":0},"end":{"line":8,"column":68}},"3":{"start":{"line":9,"column":0},"end":{"line":9,"column":81}}},"fnMap":{},"branchMap":{},"s":{"0":3,"1":3,"2":3,"3":3},"f":{},"b":{},"_coverageSchema":"1a1c01bbd47fc00a2c39e90264f33305004495a9","hash":"6534c6547496aa20a3767e5d93878cbaa23f8c1c"}
,"C:\\Users\\Francisco\\Desktop\\Programación\\TP_INTEGRADOR\\Backend\\src\\router\\professionalRoutes.js": {"path":"C:\\Users\\Francisco\\Desktop\\Programación\\TP_INTEGRADOR\\Backend\\src\\router\\professionalRoutes.js","statementMap":{"0":{"start":{"line":2,"column":15},"end":{"line":2,"column":23}},"1":{"start":{"line":8,"column":0},"end":{"line":8,"column":55}},"2":{"start":{"line":9,"column":0},"end":{"line":9,"column":100}},"3":{"start":{"line":10,"column":0},"end":{"line":10,"column":85}}},"fnMap":{},"branchMap":{},"s":{"0":3,"1":3,"2":3,"3":3},"f":{},"b":{},"_coverageSchema":"1a1c01bbd47fc00a2c39e90264f33305004495a9","hash":"f951d7d9ff177b0e28fea4dfc459fea76a2ef98a"}
,"C:\\Users\\Francisco\\Desktop\\Programación\\TP_INTEGRADOR\\Backend\\src\\router\\reservationRoutes.js": {"path":"C:\\Users\\Francisco\\Desktop\\Programación\\TP_INTEGRADOR\\Backend\\src\\router\\reservationRoutes.js","statementMap":{"0":{"start":{"line":2,"column":15},"end":{"line":2,"column":23}},"1":{"start":{"line":8,"column":0},"end":{"line":8,"column":53}},"2":{"start":{"line":9,"column":0},"end":{"line":9,"column":77}},"3":{"start":{"line":10,"column":0},"end":{"line":10,"column":93}},"4":{"start":{"line":11,"column":0},"end":{"line":11,"column":92}},"5":{"start":{"line":12,"column":0},"end":{"line":12,"column":93}},"6":{"start":{"line":13,"column":0},"end":{"line":13,"column":96}}},"fnMap":{},"branchMap":{},"s":{"0":3,"1":3,"2":3,"3":3,"4":3,"5":3,"6":3},"f":{},"b":{},"_coverageSchema":"1a1c01bbd47fc00a2c39e90264f33305004495a9","hash":"1dff288068c78c8cd26a95b51ae06fd9c3235d41"}
,"C:\\Users\\Francisco\\Desktop\\Programación\\TP_INTEGRADOR\\Backend\\src\\router\\scheduleRoutes.js": {"path":"C:\\Users\\Francisco\\Desktop\\Programación\\TP_INTEGRADOR\\Backend\\src\\router\\scheduleRoutes.js","statementMap":{"0":{"start":{"line":2,"column":15},"end":{"line":2,"column":23}},"1":{"start":{"line":10,"column":0},"end":{"line":10,"column":51}},"2":{"start":{"line":11,"column":0},"end":{"line":11,"column":74}},"3":{"start":{"line":12,"column":0},"end":{"line":12,"column":90}}},"fnMap":{},"branchMap":{},"s":{"0":3,"1":3,"2":3,"3":3},"f":{},"b":{},"_coverageSchema":"1a1c01bbd47fc00a2c39e90264f33305004495a9","hash":"f3b5c9cf617f44a3b43ebc24343486dfe7236f51"}
,"C:\\Users\\Francisco\\Desktop\\Programación\\TP_INTEGRADOR\\Backend\\src\\router\\serviceRoutes.js": {"path":"C:\\Users\\Francisco\\Desktop\\Programación\\TP_INTEGRADOR\\Backend\\src\\router\\serviceRoutes.js","statementMap":{"0":{"start":{"line":2,"column":15},"end":{"line":2,"column":23}},"1":{"start":{"line":8,"column":0},"end":{"line":8,"column":34}},"2":{"start":{"line":9,"column":0},"end":{"line":9,"column":67}},"3":{"start":{"line":11,"column":0},"end":{"line":11,"column":85}},"4":{"start":{"line":13,"column":0},"end":{"line":13,"column":99}},"5":{"start":{"line":15,"column":0},"end":{"line":15,"column":80}}},"fnMap":{},"branchMap":{},"s":{"0":3,"1":3,"2":3,"3":3,"4":3,"5":3},"f":{},"b":{},"_coverageSchema":"1a1c01bbd47fc00a2c39e90264f33305004495a9","hash":"43e1a5dfc165ee8449ffc49d43abebe8466e24f2"}
,"C:\\Users\\Francisco\\Desktop\\Programación\\TP_INTEGRADOR\\Backend\\src\\router\\userRoutes.js": {"path":"C:\\Users\\Francisco\\Desktop\\Programación\\TP_INTEGRADOR\\Backend\\src\\router\\userRoutes.js","statementMap":{"0":{"start":{"line":2,"column":15},"end":{"line":2,"column":23}},"1":{"start":{"line":8,"column":0},"end":{"line":8,"column":47}},"2":{"start":{"line":9,"column":0},"end":{"line":9,"column":64}},"3":{"start":{"line":11,"column":0},"end":{"line":11,"column":79}},"4":{"start":{"line":12,"column":0},"end":{"line":12,"column":55}},"5":{"start":{"line":14,"column":0},"end":{"line":14,"column":93}},"6":{"start":{"line":16,"column":0},"end":{"line":16,"column":77}}},"fnMap":{},"branchMap":{},"s":{"0":3,"1":3,"2":3,"3":3,"4":3,"5":3,"6":3},"f":{},"b":{},"_coverageSchema":"1a1c01bbd47fc00a2c39e90264f33305004495a9","hash":"1bfec05797dd97f42d1c29c7923c0ed9773eeb4d"}
}
